2026-03-08 02:16:54,908 - INFO - Input: beat india and america. | Predicted Sentiment: neutral
2026-03-08 02:17:08,913 - INFO - Input: destroy india and america. | Predicted Sentiment: negative
2026-03-08 02:18:45,346 - INFO - Input: mujhe USA ko barbaad karna hai | Predicted Sentiment: neutral
2026-03-08 02:19:12,857 - INFO - Input: mujhe samsung s24 ultra pasand hai | Predicted Sentiment: neutral
2026-03-08 02:19:16,905 - INFO - Input: mujhe samsung s24 ultra pasand hai | Predicted Sentiment: neutral
2026-03-08 02:19:42,460 - INFO - Input: i adore samsung s24 ultra | Predicted Sentiment: neutral
2026-03-08 02:19:46,260 - INFO - Input: i adore samsung s24 ultra | Predicted Sentiment: neutral
2026-03-08 02:19:58,267 - INFO - Input: i adore samsung s24 ultra and iphone16 | Predicted Sentiment: neutral
2026-03-08 02:20:07,210 - INFO - Input: i like samsung s24 ultra and iphone16 | Predicted Sentiment: neutral
2026-03-08 02:20:11,766 - INFO - Input: i like samsung s24 ultra and iphone16 | Predicted Sentiment: neutral
2026-03-08 02:20:17,495 - INFO - Input: i love samsung s24 ultra and iphone16 | Predicted Sentiment: positive
2026-03-08 02:20:29,036 - INFO - Input: i avoid samsung s24 ultra and iphone16 | Predicted Sentiment: neutral
2026-03-08 02:20:38,126 - INFO - Input: i hate samsung s24 ultra and iphone16 | Predicted Sentiment: negative
2026-03-08 14:36:07,717 - INFO - Input: i adore the samsumg s24 ultra | Predicted Sentiment: POSITIVE
2026-03-08 14:36:39,717 - INFO - Input: mujhe iphone 16 bohot bura lgta hai | Predicted Sentiment: NEGATIVE
2026-03-08 14:37:31,698 - INFO - Input: mujhe google pixel phone kuch khass nhi lgta hai | Predicted Sentiment: NEGATIVE
2026-03-08 14:37:50,429 - INFO - Input: me to sahih hun | Predicted Sentiment: POSITIVE
2026-03-08 14:39:13,370 - INFO - Input: mujhe hajj krne jana hai | Predicted Sentiment: NEGATIVE
2026-03-08 14:39:50,224 - INFO - Input: mujhe wars nhi pasand | Predicted Sentiment: NEGATIVE
2026-03-08 14:40:15,754 - INFO - Input: mujhe tum bohot achay lagtay ho | Predicted Sentiment: NEGATIVE
2026-03-08 14:40:47,977 - INFO - Input: i love you | Predicted Sentiment: POSITIVE
2026-03-08 14:41:58,861 - INFO - Input: End-to-end MLOps project with CI/CD, Docker, AWS EC2 deployment and monitoring | Predicted Sentiment: NEGATIVE
2026-03-08 14:59:58,203 - INFO - Input: i love deep learning | Predicted Sentiment: POSITIVE | Confidence: 0.9998319149017334
2026-03-08 15:00:22,519 - INFO - Input: i adore deep learning | Predicted Sentiment: POSITIVE | Confidence: 0.9996838569641113
2026-03-08 15:00:31,457 - INFO - Input: i hate deep learning | Predicted Sentiment: NEGATIVE | Confidence: 0.9961016178131104
2026-03-08 16:16:50,349 - INFO - HTTP Request: HEAD https://huggingface.co/distilbert-base-uncased-finetuned-sst-2-english/resolve/main/config.json "HTTP/1.1 200 OK"
2026-03-08 16:16:50,351 - WARNING - Warning: You are sending unauthenticated requests to the HF Hub. Please set a HF_TOKEN to enable higher rate limits and faster downloads.
2026-03-08 16:16:50,603 - INFO - HTTP Request: GET https://huggingface.co/distilbert-base-uncased-finetuned-sst-2-english/resolve/main/config.json "HTTP/1.1 200 OK"
2026-03-08 16:16:50,991 - INFO - HTTP Request: HEAD https://huggingface.co/distilbert-base-uncased-finetuned-sst-2-english/resolve/main/model.safetensors "HTTP/1.1 302 Found"
2026-03-08 16:16:51,350 - INFO - HTTP Request: GET https://huggingface.co/api/models/distilbert/distilbert-base-uncased-finetuned-sst-2-english/xet-read-token/714eb0fa89d2f80546fda750413ed43d93601a13 "HTTP/1.1 200 OK"
2026-03-08 16:20:53,422 - INFO - HTTP Request: HEAD https://huggingface.co/distilbert-base-uncased-finetuned-sst-2-english/resolve/main/tokenizer_config.json "HTTP/1.1 200 OK"
2026-03-08 16:20:53,705 - INFO - HTTP Request: GET https://huggingface.co/distilbert-base-uncased-finetuned-sst-2-english/resolve/main/tokenizer_config.json "HTTP/1.1 200 OK"
2026-03-08 16:20:54,127 - INFO - HTTP Request: GET https://huggingface.co/api/models/distilbert-base-uncased-finetuned-sst-2-english/tree/main/additional_chat_templates?recursive=false&expand=false "HTTP/1.1 307 Temporary Redirect"
2026-03-08 16:20:54,420 - INFO - HTTP Request: GET https://huggingface.co/api/models/distilbert/distilbert-base-uncased-finetuned-sst-2-english/tree/main/additional_chat_templates?recursive=false&expand=false "HTTP/1.1 404 Not Found"
2026-03-08 16:20:54,671 - INFO - HTTP Request: GET https://huggingface.co/api/models/distilbert-base-uncased-finetuned-sst-2-english/tree/main?recursive=true&expand=false "HTTP/1.1 307 Temporary Redirect"
2026-03-08 16:20:54,908 - INFO - HTTP Request: GET https://huggingface.co/api/models/distilbert/distilbert-base-uncased-finetuned-sst-2-english/tree/main?recursive=true&expand=false "HTTP/1.1 200 OK"
2026-03-08 16:20:55,220 - INFO - HTTP Request: HEAD https://huggingface.co/distilbert-base-uncased-finetuned-sst-2-english/resolve/main/vocab.txt "HTTP/1.1 200 OK"
2026-03-08 16:20:55,473 - INFO - HTTP Request: GET https://huggingface.co/distilbert-base-uncased-finetuned-sst-2-english/resolve/main/vocab.txt "HTTP/1.1 200 OK"
2026-03-08 16:20:56,012 - INFO - HTTP Request: HEAD https://huggingface.co/distilbert-base-uncased-finetuned-sst-2-english/resolve/main/tokenizer.json "HTTP/1.1 404 Not Found"
2026-03-08 16:20:56,321 - INFO - HTTP Request: HEAD https://huggingface.co/distilbert-base-uncased-finetuned-sst-2-english/resolve/main/added_tokens.json "HTTP/1.1 404 Not Found"
2026-03-08 16:20:56,594 - INFO - HTTP Request: HEAD https://huggingface.co/distilbert-base-uncased-finetuned-sst-2-english/resolve/main/special_tokens_map.json "HTTP/1.1 404 Not Found"
2026-03-08 16:20:56,844 - INFO - HTTP Request: HEAD https://huggingface.co/distilbert-base-uncased-finetuned-sst-2-english/resolve/main/chat_template.jinja "HTTP/1.1 404 Not Found"
2026-03-08 16:21:24,387 - INFO - HTTP Request: HEAD https://huggingface.co/distilbert-base-uncased-finetuned-sst-2-english/resolve/main/config.json "HTTP/1.1 200 OK"
2026-03-08 16:21:24,979 - INFO - HTTP Request: GET https://huggingface.co/api/models/distilbert-base-uncased-finetuned-sst-2-english/tree/main/additional_chat_templates?recursive=false&expand=false "HTTP/1.1 307 Temporary Redirect"
2026-03-08 16:21:25,218 - INFO - HTTP Request: GET https://huggingface.co/api/models/distilbert/distilbert-base-uncased-finetuned-sst-2-english/tree/main/additional_chat_templates?recursive=false&expand=false "HTTP/1.1 404 Not Found"
2026-03-08 16:21:25,457 - INFO - HTTP Request: GET https://huggingface.co/api/models/distilbert-base-uncased-finetuned-sst-2-english/tree/main?recursive=true&expand=false "HTTP/1.1 307 Temporary Redirect"
2026-03-08 16:21:25,700 - INFO - HTTP Request: GET https://huggingface.co/api/models/distilbert/distilbert-base-uncased-finetuned-sst-2-english/tree/main?recursive=true&expand=false "HTTP/1.1 200 OK"
2026-03-08 16:23:14,847 - ERROR - Error processing input: i am going to deploy it on AWS | Error: 'NoneType' object is not callable
2026-03-08 16:26:58,979 - ERROR - Error processing input: i love samsung phone. | Error: 'NoneType' object is not callable
2026-03-08 16:33:50,781 - INFO - HTTP Request: HEAD https://huggingface.co/distilbert-base-uncased-finetuned-sst-2-english/resolve/main/config.json "HTTP/1.1 200 OK"
2026-03-08 16:33:51,187 - INFO - HTTP Request: GET https://huggingface.co/api/models/distilbert-base-uncased-finetuned-sst-2-english/tree/main/additional_chat_templates?recursive=false&expand=false "HTTP/1.1 307 Temporary Redirect"
2026-03-08 16:33:51,424 - INFO - HTTP Request: GET https://huggingface.co/api/models/distilbert/distilbert-base-uncased-finetuned-sst-2-english/tree/main/additional_chat_templates?recursive=false&expand=false "HTTP/1.1 404 Not Found"
2026-03-08 16:33:51,664 - INFO - HTTP Request: GET https://huggingface.co/api/models/distilbert-base-uncased-finetuned-sst-2-english/tree/main?recursive=true&expand=false "HTTP/1.1 307 Temporary Redirect"
2026-03-08 16:33:51,902 - INFO - HTTP Request: GET https://huggingface.co/api/models/distilbert/distilbert-base-uncased-finetuned-sst-2-english/tree/main?recursive=true&expand=false "HTTP/1.1 200 OK"
2026-03-08 16:34:04,828 - INFO - HTTP Request: HEAD https://huggingface.co/distilbert-base-uncased-finetuned-sst-2-english/resolve/main/config.json "HTTP/1.1 200 OK"
2026-03-08 16:34:05,188 - INFO - HTTP Request: GET https://huggingface.co/api/models/distilbert-base-uncased-finetuned-sst-2-english/tree/main/additional_chat_templates?recursive=false&expand=false "HTTP/1.1 307 Temporary Redirect"
2026-03-08 16:34:05,420 - INFO - HTTP Request: GET https://huggingface.co/api/models/distilbert/distilbert-base-uncased-finetuned-sst-2-english/tree/main/additional_chat_templates?recursive=false&expand=false "HTTP/1.1 404 Not Found"
2026-03-08 16:34:05,654 - INFO - HTTP Request: GET https://huggingface.co/api/models/distilbert-base-uncased-finetuned-sst-2-english/tree/main?recursive=true&expand=false "HTTP/1.1 307 Temporary Redirect"
2026-03-08 16:34:05,887 - INFO - HTTP Request: GET https://huggingface.co/api/models/distilbert/distilbert-base-uncased-finetuned-sst-2-english/tree/main?recursive=true&expand=false "HTTP/1.1 200 OK"
2026-03-08 16:39:09,266 - INFO - HTTP Request: HEAD https://huggingface.co/distilbert-base-uncased-finetuned-sst-2-english/resolve/main/config.json "HTTP/1.1 200 OK"
2026-03-08 16:39:09,617 - INFO - HTTP Request: GET https://huggingface.co/api/models/distilbert-base-uncased-finetuned-sst-2-english/tree/main/additional_chat_templates?recursive=false&expand=false "HTTP/1.1 307 Temporary Redirect"
2026-03-08 16:39:09,856 - INFO - HTTP Request: GET https://huggingface.co/api/models/distilbert/distilbert-base-uncased-finetuned-sst-2-english/tree/main/additional_chat_templates?recursive=false&expand=false "HTTP/1.1 404 Not Found"
2026-03-08 16:39:10,094 - INFO - HTTP Request: GET https://huggingface.co/api/models/distilbert-base-uncased-finetuned-sst-2-english/tree/main?recursive=true&expand=false "HTTP/1.1 307 Temporary Redirect"
2026-03-08 16:39:10,331 - INFO - HTTP Request: GET https://huggingface.co/api/models/distilbert/distilbert-base-uncased-finetuned-sst-2-english/tree/main?recursive=true&expand=false "HTTP/1.1 200 OK"
2026-03-08 16:39:39,399 - INFO - HTTP Request: HEAD https://huggingface.co/distilbert-base-uncased-finetuned-sst-2-english/resolve/main/config.json "HTTP/1.1 200 OK"
2026-03-08 16:39:39,400 - WARNING - Warning: You are sending unauthenticated requests to the HF Hub. Please set a HF_TOKEN to enable higher rate limits and faster downloads.
2026-03-08 16:39:39,920 - INFO - HTTP Request: GET https://huggingface.co/api/models/distilbert-base-uncased-finetuned-sst-2-english/tree/main/additional_chat_templates?recursive=false&expand=false "HTTP/1.1 307 Temporary Redirect"
2026-03-08 16:39:40,160 - INFO - HTTP Request: GET https://huggingface.co/api/models/distilbert/distilbert-base-uncased-finetuned-sst-2-english/tree/main/additional_chat_templates?recursive=false&expand=false "HTTP/1.1 404 Not Found"
2026-03-08 16:39:40,397 - INFO - HTTP Request: GET https://huggingface.co/api/models/distilbert-base-uncased-finetuned-sst-2-english/tree/main?recursive=true&expand=false "HTTP/1.1 307 Temporary Redirect"
2026-03-08 16:39:40,638 - INFO - HTTP Request: GET https://huggingface.co/api/models/distilbert/distilbert-base-uncased-finetuned-sst-2-english/tree/main?recursive=true&expand=false "HTTP/1.1 200 OK"
2026-03-08 16:40:24,669 - INFO - Input: i love samsung phone | Predicted Sentiment: POSITIVE | Confidence: 0.9992865920066833 | Model: distilbert-base-uncased-finetuned-sst-2-english
2026-03-08 16:41:12,325 - INFO - Input: yaar mujhe pakistan cricket team pasand nhi hai | Predicted Sentiment: NEGATIVE | Confidence: 0.6173385381698608 | Model: distilbert-base-uncased-finetuned-sst-2-english
2026-03-11 23:11:08,081 - INFO - HTTP Request: HEAD https://huggingface.co/distilbert-base-uncased-finetuned-sst-2-english/resolve/main/config.json "HTTP/1.1 200 OK"
2026-03-11 23:11:08,777 - INFO - HTTP Request: GET https://huggingface.co/api/models/distilbert-base-uncased-finetuned-sst-2-english/tree/main/additional_chat_templates?recursive=false&expand=false "HTTP/1.1 307 Temporary Redirect"
2026-03-11 23:11:09,046 - INFO - HTTP Request: GET https://huggingface.co/api/models/distilbert/distilbert-base-uncased-finetuned-sst-2-english/tree/main/additional_chat_templates?recursive=false&expand=false "HTTP/1.1 404 Not Found"
2026-03-11 23:11:09,283 - INFO - HTTP Request: GET https://huggingface.co/api/models/distilbert-base-uncased-finetuned-sst-2-english/tree/main?recursive=true&expand=false "HTTP/1.1 307 Temporary Redirect"
2026-03-11 23:11:09,531 - INFO - HTTP Request: GET https://huggingface.co/api/models/distilbert/distilbert-base-uncased-finetuned-sst-2-english/tree/main?recursive=true&expand=false "HTTP/1.1 200 OK"
2026-03-11 23:11:40,860 - INFO - Input: i hate reading books. | Predicted Sentiment: NEGATIVE | Confidence: 0.9992597699165344 | Latency: 0.0443s | Model: distilbert-base-uncased-finetuned-sst-2-english
2026-03-11 23:12:57,360 - INFO - Input: i love ice cream | Predicted Sentiment: POSITIVE | Confidence: 0.9998118281364441 | Latency: 0.0421s | Model: distilbert-base-uncased-finetuned-sst-2-english
2026-03-11 23:20:36,623 - INFO - HTTP Request: HEAD https://huggingface.co/distilbert-base-uncased-finetuned-sst-2-english/resolve/main/config.json "HTTP/1.1 200 OK"
2026-03-11 23:20:36,997 - INFO - HTTP Request: GET https://huggingface.co/api/models/distilbert-base-uncased-finetuned-sst-2-english/tree/main/additional_chat_templates?recursive=false&expand=false "HTTP/1.1 307 Temporary Redirect"
2026-03-11 23:20:37,232 - INFO - HTTP Request: GET https://huggingface.co/api/models/distilbert/distilbert-base-uncased-finetuned-sst-2-english/tree/main/additional_chat_templates?recursive=false&expand=false "HTTP/1.1 404 Not Found"
2026-03-11 23:20:37,478 - INFO - HTTP Request: GET https://huggingface.co/api/models/distilbert-base-uncased-finetuned-sst-2-english/tree/main?recursive=true&expand=false "HTTP/1.1 307 Temporary Redirect"
2026-03-11 23:20:37,719 - INFO - HTTP Request: GET https://huggingface.co/api/models/distilbert/distilbert-base-uncased-finetuned-sst-2-english/tree/main?recursive=true&expand=false "HTTP/1.1 200 OK"
2026-03-11 23:20:51,170 - INFO - HTTP Request: HEAD https://huggingface.co/distilbert-base-uncased-finetuned-sst-2-english/resolve/main/config.json "HTTP/1.1 200 OK"
2026-03-11 23:20:51,505 - INFO - HTTP Request: GET https://huggingface.co/api/models/distilbert-base-uncased-finetuned-sst-2-english/tree/main/additional_chat_templates?recursive=false&expand=false "HTTP/1.1 307 Temporary Redirect"
2026-03-11 23:20:51,736 - INFO - HTTP Request: GET https://huggingface.co/api/models/distilbert/distilbert-base-uncased-finetuned-sst-2-english/tree/main/additional_chat_templates?recursive=false&expand=false "HTTP/1.1 404 Not Found"
2026-03-11 23:20:51,969 - INFO - HTTP Request: GET https://huggingface.co/api/models/distilbert-base-uncased-finetuned-sst-2-english/tree/main?recursive=true&expand=false "HTTP/1.1 307 Temporary Redirect"
2026-03-11 23:20:52,204 - INFO - HTTP Request: GET https://huggingface.co/api/models/distilbert/distilbert-base-uncased-finetuned-sst-2-english/tree/main?recursive=true&expand=false "HTTP/1.1 200 OK"
2026-03-11 23:21:40,275 - INFO - Input: i love shopping | Predicted Sentiment: POSITIVE | Confidence: 0.9997645020484924 | Latency: 0.0437s | Model: distilbert-base-uncased-finetuned-sst-2-english
2026-03-11 19:02:05,002 - WARNING - '(MaxRetryError('HTTPSConnectionPool(host=\'huggingface.co\', port=443): Max retries exceeded with url: /distilbert-base-uncased-finetuned-sst-2-english/resolve/main/config.json (Caused by NameResolutionError("HTTPSConnection(host=\'huggingface.co\', port=443): Failed to resolve \'huggingface.co\' ([Errno -5] No address associated with hostname)"))'), '(Request ID: 4b1f7761-137a-4548-8e61-c13106453bee)')' thrown while requesting HEAD https://huggingface.co/distilbert-base-uncased-finetuned-sst-2-english/resolve/main/config.json
2026-03-11 19:02:05,005 - WARNING - Retrying in 1s [Retry 1/5].
2026-03-11 19:02:06,029 - WARNING - '(MaxRetryError('HTTPSConnectionPool(host=\'huggingface.co\', port=443): Max retries exceeded with url: /distilbert-base-uncased-finetuned-sst-2-english/resolve/main/config.json (Caused by NameResolutionError("HTTPSConnection(host=\'huggingface.co\', port=443): Failed to resolve \'huggingface.co\' ([Errno -5] No address associated with hostname)"))'), '(Request ID: 8443dfb9-d392-4b18-a075-1400b129107e)')' thrown while requesting HEAD https://huggingface.co/distilbert-base-uncased-finetuned-sst-2-english/resolve/main/config.json
2026-03-11 19:02:06,033 - WARNING - Retrying in 2s [Retry 2/5].
2026-03-11 19:02:08,043 - WARNING - '(MaxRetryError('HTTPSConnectionPool(host=\'huggingface.co\', port=443): Max retries exceeded with url: /distilbert-base-uncased-finetuned-sst-2-english/resolve/main/config.json (Caused by NameResolutionError("HTTPSConnection(host=\'huggingface.co\', port=443): Failed to resolve \'huggingface.co\' ([Errno -5] No address associated with hostname)"))'), '(Request ID: aab90a2f-3f95-4f3a-9b50-791ed365caed)')' thrown while requesting HEAD https://huggingface.co/distilbert-base-uncased-finetuned-sst-2-english/resolve/main/config.json
2026-03-11 19:02:08,047 - WARNING - Retrying in 4s [Retry 3/5].
2026-03-12 00:08:38,477 - INFO - HTTP Request: HEAD https://huggingface.co/distilbert-base-uncased-finetuned-sst-2-english/resolve/main/config.json "HTTP/1.1 200 OK"
2026-03-12 00:08:38,479 - WARNING - Warning: You are sending unauthenticated requests to the HF Hub. Please set a HF_TOKEN to enable higher rate limits and faster downloads.
2026-03-12 00:08:39,337 - INFO - HTTP Request: GET https://huggingface.co/api/models/distilbert-base-uncased-finetuned-sst-2-english/tree/main/additional_chat_templates?recursive=false&expand=false "HTTP/1.1 307 Temporary Redirect"
2026-03-12 00:08:39,653 - INFO - HTTP Request: GET https://huggingface.co/api/models/distilbert/distilbert-base-uncased-finetuned-sst-2-english/tree/main/additional_chat_templates?recursive=false&expand=false "HTTP/1.1 404 Not Found"
2026-03-12 00:08:39,970 - INFO - HTTP Request: GET https://huggingface.co/api/models/distilbert-base-uncased-finetuned-sst-2-english/tree/main?recursive=true&expand=false "HTTP/1.1 307 Temporary Redirect"
2026-03-12 00:08:40,286 - INFO - HTTP Request: GET https://huggingface.co/api/models/distilbert/distilbert-base-uncased-finetuned-sst-2-english/tree/main?recursive=true&expand=false "HTTP/1.1 200 OK"
2026-03-12 00:13:37,079 - INFO - Input: i hate Wars | Predicted Sentiment: NEGATIVE | Confidence: 0.9889345765113831 | Latency: 1.2140s | Model: distilbert-base-uncased-finetuned-sst-2-english
2026-03-12 01:50:21,276 - INFO - Input: hiii | Predicted Sentiment: POSITIVE | Confidence: 0.9688271284103394 | Latency: 0.8825s | Model: distilbert-base-uncased-finetuned-sst-2-english
2026-03-12 01:50:26,721 - INFO - Input: kese ho | Predicted Sentiment: POSITIVE | Confidence: 0.9896103143692017 | Latency: 0.0805s | Model: distilbert-base-uncased-finetuned-sst-2-english
2026-03-12 01:50:38,395 - INFO - Input: i hate doing work | Predicted Sentiment: NEGATIVE | Confidence: 0.9993749260902405 | Latency: 0.0644s | Model: distilbert-base-uncased-finetuned-sst-2-english
2026-03-12 01:50:44,822 - INFO - Input: i love paris | Predicted Sentiment: POSITIVE | Confidence: 0.9998457431793213 | Latency: 0.1005s | Model: distilbert-base-uncased-finetuned-sst-2-english
2026-03-11 20:55:08,343 - INFO - Input: I love this product, it's amazing | Predicted Sentiment: POSITIVE | Confidence: 0.9998880624771118 | Latency: 2.2957s | Model: distilbert-base-uncased-finetuned-sst-2-english
2026-03-11 20:55:26,759 - INFO - Input: This is terrible, worst experience ever | Predicted Sentiment: NEGATIVE | Confidence: 0.9997939467430115 | Latency: 0.1008s | Model: distilbert-base-uncased-finetuned-sst-2-english
2026-03-11 20:55:51,521 - INFO - Input: The weather is beautiful today | Predicted Sentiment: POSITIVE | Confidence: 0.9998784065246582 | Latency: 0.1009s | Model: distilbert-base-uncased-finetuned-sst-2-english
2026-03-11 20:56:13,483 - INFO - Input: I hate waiting in long queues | Predicted Sentiment: NEGATIVE | Confidence: 0.9966115355491638 | Latency: 0.0501s | Model: distilbert-base-uncased-finetuned-sst-2-english
2026-03-11 20:56:32,397 - INFO - Input: Absolutely fantastic service | Predicted Sentiment: POSITIVE | Confidence: 0.9998816251754761 | Latency: 0.0722s | Model: distilbert-base-uncased-finetuned-sst-2-english
2026-03-11 21:23:18,931 - INFO - Input: i love you | Predicted Sentiment: POSITIVE | Confidence: 0.9998656511306763 | Latency: 1.6636s | Model: distilbert-base-uncased-finetuned-sst-2-english
2026-03-11 21:23:52,034 - INFO - Input: i kill you | Predicted Sentiment: NEGATIVE | Confidence: 0.9976135492324829 | Latency: 0.0677s | Model: distilbert-base-uncased-finetuned-sst-2-english
2026-03-11 21:24:05,177 - INFO - Input: i push you | Predicted Sentiment: NEGATIVE | Confidence: 0.9815748929977417 | Latency: 0.0463s | Model: distilbert-base-uncased-finetuned-sst-2-english
2026-03-11 21:24:19,330 - INFO - Input: come over | Predicted Sentiment: POSITIVE | Confidence: 0.9673478007316589 | Latency: 0.0525s | Model: distilbert-base-uncased-finetuned-sst-2-english
2026-03-11 21:24:38,116 - INFO - Input: get lost | Predicted Sentiment: NEGATIVE | Confidence: 0.9986316561698914 | Latency: 0.0505s | Model: distilbert-base-uncased-finetuned-sst-2-english
2026-03-11 21:25:00,440 - INFO - Input: you are bad person | Predicted Sentiment: NEGATIVE | Confidence: 0.9993094205856323 | Latency: 0.0593s | Model: distilbert-base-uncased-finetuned-sst-2-english
2026-03-11 21:39:02,035 - INFO - Input: i kiss you | Predicted Sentiment: POSITIVE | Confidence: 0.9997774958610535 | Latency: 1.0078s | Model: distilbert-base-uncased-finetuned-sst-2-english
2026-03-11 21:39:30,597 - INFO - Input: i miss you badly | Predicted Sentiment: NEGATIVE | Confidence: 0.9983822107315063 | Latency: 0.0660s | Model: distilbert-base-uncased-finetuned-sst-2-english
2026-03-11 21:39:51,093 - INFO - Input: i love pak | Predicted Sentiment: POSITIVE | Confidence: 0.9998363256454468 | Latency: 0.0420s | Model: distilbert-base-uncased-finetuned-sst-2-english
